Сборка начата 05.12.2023 21:34:48.
Уровень детализации журнала: Normal.     1>Проект "E:\уник\ОПИ\laba6\main\main\main.vcxproj" в узле 2 (целевые объекты Build).
     1>PrepareForBuild:
         Структурированный вывод включен. Форматирование диагностики компилятора будет отражать иерархию ошибок. Подробнее см. https://aka.ms/cpp/structured-output.
         Создание каталога "E:\уник\ОПИ\laba6\main\x64\Release\".
         Создание каталога "x64\Release\main.tlog\".
       InitializeBuildStatus:
         Создание "x64\Release\main.tlog\unsuccessfulbuild", так как было задано "AlwaysCreate".
         Обращение к "x64\Release\main.tlog\unsuccessfulbuild".
       ClCompile:
         C:\Program Files\Microsoft Visual Studio\2022\Community\VC\Tools\MSVC\14.38.33130\bin\HostX64\x64\CL.exe /c /Zi /nologo /W3 /WX- /diagnostics:column /sdl /O2 /Oi /GL /D NDEBUG /D _CONSOLE /D _UNICODE /D UNICODE /Gm- /EHsc /MD /GS /Gy /fp:precise /Zc:wchar_t /Zc:forScope /Zc:inline /permissive- /Fo"x64\Release\\" /Fd"x64\Release\vc143.pdb" /external:W3 /Gd /TP /FC /errorReport:prompt first.hpp main.cpp
         first.hpp
         main.cpp
     1>E:\уник\ОПИ\laba6\main\main\main.cpp(3,10): warning C4067: непредвиденные лексемы за директивой препроцессора, требуется newline
       Link:
         C:\Program Files\Microsoft Visual Studio\2022\Community\VC\Tools\MSVC\14.38.33130\bin\HostX64\x64\link.exe /ERRORREPORT:PROMPT /OUT:"E:\уник\ОПИ\laba6\main\x64\Release\main.exe" /NOLOGO kernel32.lib user32.lib gdi32.lib winspool.lib comdlg32.lib advapi32.lib shell32.lib ole32.lib oleaut32.lib uuid.lib odbc32.lib odbccp32.lib /MANIFEST /MANIFESTUAC:"level='asInvoker' uiAccess='false'" /manifest:embed /DEBUG /PDB:"E:\уник\ОПИ\laba6\main\x64\Release\main.pdb" /SUBSYSTEM:CONSOLE /OPT:REF /OPT:ICF /LTCG:incremental /LTCGOUT:"x64\Release\main.iobj" /TLBID:1 /DYNAMICBASE /NXCOMPAT /IMPLIB:"E:\уник\ОПИ\laba6\main\x64\Release\main.lib" /MACHINE:X64 x64\Release\first.obj
         x64\Release\main.obj
         Создание кода
         Previous IPDB not found, fall back to full compilation.
         All 11 functions were compiled because no usable IPDB/IOBJ from previous compilation was found.
         Создание кода завершено
         main.vcxproj -> E:\уник\ОПИ\laba6\main\x64\Release\main.exe
       FinalizeBuildStatus:
         Файл "x64\Release\main.tlog\unsuccessfulbuild" удаляется.
         Обращение к "x64\Release\main.tlog\main.lastbuildstate".
     1>Сборка проекта "E:\уник\ОПИ\laba6\main\main\main.vcxproj" завершена (целевые объекты Build).

Сборка успешно завершена.

       "E:\уник\ОПИ\laba6\main\main\main.vcxproj" (целевой объект Build ) (1) ->
       (Целевой объект ClCompile) -> 
         E:\уник\ОПИ\laba6\main\main\main.cpp(3,10): warning C4067: непредвиденные лексемы за директивой препроцессора, требуется newline

    Предупреждений: 1
    Ошибок: 0

Прошло времени 00:00:01.16
